<?xml version="1.0" encoding="UTF-8"?>
<!-- Generated by org.testng.reporters.JUnitXMLReporter -->
<testsuite ignored="0" hostname="WINDOWS-10" failures="0" tests="13" name="Default test" time="1503.497" errors="0" timestamp="2023-04-17T01:38:35 ICT">
  <testcase classname="tests.AdminTest" name="createAdmin" time="169.992"/>
  <testcase classname="tests.AdminTest" name="createAdmin" time="52.609"/>
  <testcase classname="tests.AdminTest" name="createAdmin" time="66.979"/>
  <testcase classname="tests.AdminTest" name="createAdmin" time="70.997"/>
  <testcase classname="tests.AdminTest" name="createAdmin" time="83.486"/>
  <testcase classname="tests.AdminTest" name="createAdmin" time="106.757"/>
  <testcase classname="tests.AdminTest" name="createAdmin" time="113.573"/>
  <testcase classname="tests.AdminTest" name="createAdmin" time="110.893"/>
  <testcase classname="tests.AdminTest" name="createAdmin" time="133.652"/>
  <testcase classname="tests.AdminTest" name="createAdmin" time="127.901"/>
  <testcase classname="tests.AdminTest" name="createAdmin" time="127.504"/>
  <testcase classname="tests.AdminTest" name="createAdmin" time="148.833"/>
  <testcase classname="tests.AdminTest" name="createAdmin" time="145.838"/>
</testsuite> <!-- Default test -->
